<?xml version="1.0" encoding="UTF-8"?>
<testng-results skipped="0" failed="0" total="2" passed="2">
  <reporter-output>
  </reporter-output>
  <suite name="Command line suite" duration-ms="3176" started-at="2020-09-30T13:23:41Z" finished-at="2020-09-30T13:23:44Z">
    <groups>
    </groups>
    <test name="Command line test" duration-ms="3176" started-at="2020-09-30T13:23:41Z" finished-at="2020-09-30T13:23:44Z">
      <class name="com.javainuse.controllers.AppController">
        <test-method status="PASS" signature="springTestContextBeforeTestClass()[pri:0, instance:com.javainuse.controllers.AppController@55f8669d]" name="springTestContextBeforeTestClass" is-config="true" duration-ms="33" started-at="2020-09-30T18:53:41Z" finished-at="2020-09-30T18:53:41Z">
          <reporter-output>
          </reporter-output>
        </test-method> <!-- springTestContextBeforeTestClass -->
        <test-method status="PASS" signature="springTestContextPrepareTestInstance()[pri:0, instance:com.javainuse.controllers.AppController@55f8669d]" name="springTestContextPrepareTestInstance" is-config="true" duration-ms="3115" started-at="2020-09-30T18:53:41Z" depends-on-methods="org.springframework.test.context.testng.AbstractTestNGSpringContextTests.springTestContextBeforeTestClass" finished-at="2020-09-30T18:53:44Z">
          <reporter-output>
          </reporter-output>
        </test-method> <!-- springTestContextPrepareTestInstance -->
        <test-method status="PASS" signature="springTestContextBeforeTestMethod(java.lang.reflect.Method)[pri:0, instance:com.javainuse.controllers.AppController@55f8669d]" name="springTestContextBeforeTestMethod" is-config="true" duration-ms="2" started-at="2020-09-30T18:53:44Z" finished-at="2020-09-30T18:53:44Z">
          <params>
            <param index="0">
              <value>
                <![CDATA[public void com.javainuse.controllers.AppController.testEmployee() throws java.lang.Exception]]>
              </value>
            </param>
          </params>
          <reporter-output>
          </reporter-output>
        </test-method> <!-- springTestContextBeforeTestMethod -->
        <test-method status="PASS" signature="testEmployee()[pri:0, instance:com.javainuse.controllers.AppController@55f8669d]" name="testEmployee" duration-ms="2" started-at="2020-09-30T18:53:44Z" finished-at="2020-09-30T18:53:44Z">
          <reporter-output>
          </reporter-output>
        </test-method> <!-- testEmployee -->
        <test-method status="PASS" signature="springTestContextAfterTestMethod(java.lang.reflect.Method)[pri:0, instance:com.javainuse.controllers.AppController@55f8669d]" name="springTestContextAfterTestMethod" is-config="true" duration-ms="0" started-at="2020-09-30T18:53:44Z" finished-at="2020-09-30T18:53:44Z">
          <params>
            <param index="0">
              <value>
                <![CDATA[public void com.javainuse.controllers.AppController.testEmployee() throws java.lang.Exception]]>
              </value>
            </param>
          </params>
          <reporter-output>
          </reporter-output>
        </test-method> <!-- springTestContextAfterTestMethod -->
        <test-method status="PASS" signature="springTestContextBeforeTestMethod(java.lang.reflect.Method)[pri:0, instance:com.javainuse.controllers.AppController@55f8669d]" name="springTestContextBeforeTestMethod" is-config="true" duration-ms="1" started-at="2020-09-30T18:53:44Z" finished-at="2020-09-30T18:53:44Z">
          <params>
            <param index="0">
              <value>
                <![CDATA[public void com.javainuse.controllers.AppController.testEmployee1() throws java.lang.Exception]]>
              </value>
            </param>
          </params>
          <reporter-output>
          </reporter-output>
        </test-method> <!-- springTestContextBeforeTestMethod -->
        <test-method status="PASS" signature="springTestContextAfterTestMethod(java.lang.reflect.Method)[pri:0, instance:com.javainuse.controllers.AppController@55f8669d]" name="springTestContextAfterTestMethod" is-config="true" duration-ms="1" started-at="2020-09-30T18:53:44Z" finished-at="2020-09-30T18:53:44Z">
          <params>
            <param index="0">
              <value>
                <![CDATA[public void com.javainuse.controllers.AppController.testEmployee1() throws java.lang.Exception]]>
              </value>
            </param>
          </params>
          <reporter-output>
          </reporter-output>
        </test-method> <!-- springTestContextAfterTestMethod -->
        <test-method status="PASS" signature="testEmployee1()[pri:0, instance:com.javainuse.controllers.AppController@55f8669d]" name="testEmployee1" duration-ms="0" started-at="2020-09-30T18:53:44Z" finished-at="2020-09-30T18:53:44Z">
          <reporter-output>
          </reporter-output>
        </test-method> <!-- testEmployee1 -->
        <test-method status="PASS" signature="springTestContextAfterTestClass()[pri:0, instance:com.javainuse.controllers.AppController@55f8669d]" name="springTestContextAfterTestClass" is-config="true" duration-ms="0" started-at="2020-09-30T18:53:44Z" finished-at="2020-09-30T18:53:44Z">
          <reporter-output>
          </reporter-output>
        </test-method> <!-- springTestContextAfterTestClass -->
      </class> <!-- com.javainuse.controllers.AppController -->
    </test> <!-- Command line test -->
  </suite> <!-- Command line suite -->
</testng-results>
